01:18:06: Creating resource group General
01:18:06: Creating resource group Internal
01:18:06: Creating resource group Autodetect
01:18:06: SceneManagerFactory for type 'DefaultSceneManager' registered.
01:18:06: Registering ResourceManager for type Material
01:18:06: Registering ResourceManager for type Mesh
01:18:06: Registering ResourceManager for type Skeleton
01:18:06: MovableObjectFactory for type 'ParticleSystem' registered.
01:18:06: ArchiveFactory for archive type FileSystem registered.
01:18:06: ArchiveFactory for archive type Zip registered.
01:18:06: ArchiveFactory for archive type EmbeddedZip registered.
01:18:06: DDS codec registering
01:18:06: FreeImage version: 3.15.3
01:18:06: This program uses FreeImage, a free, open source image library supporting all common bitmap formats. See http://freeimage.sourceforge.net for details
01:18:06: Supported formats: bmp,ico,jpg,jif,jpeg,jpe,jng,koa,iff,lbm,mng,pbm,pbm,pcd,pcx,pgm,pgm,png,ppm,ppm,ras,tga,targa,tif,tiff,wap,wbmp,wbm,psd,cut,xbm,xpm,gif,hdr,g3,sgi,exr,j2k,j2c,jp2,pfm,pct,pict,pic,3fr,arw,bay,bmq,cap,cine,cr2,crw,cs1,dc2,dcr,drf,dsc,dng,erf,fff,ia,iiq,k25,kc2,kdc,mdc,mef,mos,mrw,nef,nrw,orf,pef,ptx,pxn,qtk,raf,raw,rdc,rw2,rwl,rwz,sr2,srf,srw,sti
01:18:06: Registering ResourceManager for type HighLevelGpuProgram
01:18:06: Registering ResourceManager for type Compositor
01:18:06: MovableObjectFactory for type 'Entity' registered.
01:18:06: MovableObjectFactory for type 'Light' registered.
01:18:06: MovableObjectFactory for type 'BillboardSet' registered.
01:18:06: MovableObjectFactory for type 'ManualObject' registered.
01:18:06: MovableObjectFactory for type 'BillboardChain' registered.
01:18:06: MovableObjectFactory for type 'RibbonTrail' registered.
01:18:06: Loading library .\RenderSystem_Direct3D9
01:18:06: Installing plugin: D3D9 RenderSystem
01:18:06: D3D9 : Direct3D9 Rendering Subsystem created.
01:18:06: D3D9: Driver Detection Starts
01:18:06: D3D9: Driver Detection Ends
01:18:06: Plugin successfully installed
01:18:06: Loading library .\RenderSystem_GL
01:18:06: Installing plugin: GL RenderSystem
01:18:06: OpenGL Rendering Subsystem created.
01:18:07: Plugin successfully installed
01:18:07: Loading library .\Plugin_PCZSceneManager
01:18:07: Installing plugin: Portal Connected Zone Scene Manager
01:18:07: PCZone Factory Type 'ZoneType_Default' registered
01:18:07: Plugin successfully installed
01:18:07: Loading library .\Plugin_OctreeZone
01:18:07: Installing plugin: Octree Zone Factory
01:18:07: Plugin successfully installed
01:18:07: Loading library .\Plugin_OctreeSceneManager
01:18:07: Installing plugin: Octree Scene Manager
01:18:07: Plugin successfully installed
01:18:07: Loading library .\Plugin_ParticleFX
01:18:07: Installing plugin: ParticleFX
01:18:07: Particle Emitter Type 'Point' registered
01:18:07: Particle Emitter Type 'Box' registered
01:18:07: Particle Emitter Type 'Ellipsoid' registered
01:18:07: Particle Emitter Type 'Cylinder' registered
01:18:07: Particle Emitter Type 'Ring' registered
01:18:07: Particle Emitter Type 'HollowEllipsoid' registered
01:18:07: Particle Affector Type 'LinearForce' registered
01:18:07: Particle Affector Type 'ColourFader' registered
01:18:07: Particle Affector Type 'ColourFader2' registered
01:18:07: Particle Affector Type 'ColourImage' registered
01:18:07: Particle Affector Type 'ColourInterpolator' registered
01:18:07: Particle Affector Type 'Scaler' registered
01:18:07: Particle Affector Type 'Rotator' registered
01:18:07: Particle Affector Type 'DirectionRandomiser' registered
01:18:07: Particle Affector Type 'DeflectorPlane' registered
01:18:07: Plugin successfully installed
01:18:07: *-*-* OGRE Initialising
01:18:07: *-*-* Version 1.9.0 (Ghadamon)
01:18:07: Creating resource group 
01:18:07: Added resource location '../Tank/Content/' of type 'FileSystem' to resource group ''
01:18:07: Added resource location '../Tank/Content/Models/' of type 'FileSystem' to resource group ''
01:18:07: Added resource location '../Tank/Content/Materials/' of type 'FileSystem' to resource group ''
01:18:07: Added resource location '../Tank/Content/Overlays/' of type 'FileSystem' to resource group ''
01:18:07: Added resource location '../Tank/Content/Particles/' of type 'FileSystem' to resource group ''
01:18:07: Added resource location '../Tank/Content/Textures/' of type 'FileSystem' to resource group ''
01:18:07: D3D9 : RenderSystem Option: Allow DirectX9Ex = No
01:18:07: D3D9 : RenderSystem Option: Allow NVPerfHUD = No
01:18:07: D3D9 : RenderSystem Option: FSAA = 0
01:18:07: D3D9 : RenderSystem Option: Fixed Pipeline Enabled = Yes
01:18:07: D3D9 : RenderSystem Option: Floating-point mode = Fastest
01:18:07: D3D9 : RenderSystem Option: Full Screen = No
01:18:07: D3D9 : RenderSystem Option: Multi device memory hint = Use minimum system memory
01:18:07: D3D9 : RenderSystem Option: Rendering Device = Monitor-1-VMware SVGA 3D
01:18:07: D3D9 : RenderSystem Option: Resource Creation Policy = Create on all devices
01:18:07: D3D9 : RenderSystem Option: Use Multihead = Auto
01:18:07: D3D9 : RenderSystem Option: VSync = No
01:18:07: D3D9 : RenderSystem Option: VSync Interval = 1
01:18:07: D3D9 : RenderSystem Option: Video Mode = 1024 x 768 @ 32-bit colour
01:18:07: D3D9 : RenderSystem Option: sRGB Gamma Conversion = No
01:18:09: CPU Identifier & Features
01:18:09: -------------------------
01:18:09:  *   CPU ID: GenuineIntel: Intel(R) Core(TM) i5-3210M CPU @ 2.50GHz
01:18:09:  *      SSE: yes
01:18:09:  *     SSE2: yes
01:18:09:  *     SSE3: yes
01:18:09:  *      MMX: yes
01:18:09:  *   MMXEXT: yes
01:18:09:  *    3DNOW: no
01:18:09:  * 3DNOWEXT: no
01:18:09:  *     CMOV: yes
01:18:09:  *      TSC: yes
01:18:09:  *      FPU: yes
01:18:09:  *      PRO: yes
01:18:09:  *       HT: no
01:18:09: -------------------------
01:18:09: D3D9 : Subsystem Initialising
01:18:09: Registering ResourceManager for type Texture
01:18:09: Registering ResourceManager for type GpuProgram
01:18:09: D3D9RenderSystem::_createRenderWindow "OGRE Render Window", 1024x768 windowed  miscParams: FSAA=0 FSAAHint= colourDepth=32 gamma=false monitorIndex=0 useNVPerfHUD=false vsync=false vsyncInterval=1 
01:18:09: D3D9 : Created D3D9 Rendering Window 'OGRE Render Window' : 1024x722, 32bpp
01:18:09: D3D9 : WARNING - disabling VSync in windowed mode can cause timing issues at lower frame rates, turn VSync on if you observe this problem.
01:18:09: D3D9: Vertex texture format supported - PF_FLOAT16_RGB
01:18:09: D3D9: Vertex texture format supported - PF_FLOAT16_RGBA
01:18:09: D3D9: Vertex texture format supported - PF_FLOAT32_RGB
01:18:09: D3D9: Vertex texture format supported - PF_FLOAT32_RGBA
01:18:09: D3D9: Vertex texture format supported - PF_FLOAT16_R
01:18:09: D3D9: Vertex texture format supported - PF_FLOAT32_R
01:18:09: D3D9: Vertex texture format supported - PF_FLOAT16_GR
01:18:09: D3D9: Vertex texture format supported - PF_FLOAT32_GR
01:18:09: RenderSystem capabilities
01:18:09: -------------------------
01:18:09: RenderSystem Name: Direct3D9 Rendering Subsystem
01:18:09: GPU Vendor: unknown
01:18:09: Device Name: Monitor-1-VMware SVGA 3D
01:18:09: Driver Version: 7.14.1.1211
01:18:09:  * Fixed function pipeline: yes
01:18:09:  * Hardware generation of mipmaps: yes
01:18:09:  * Texture blending: yes
01:18:09:  * Anisotropic texture filtering: yes
01:18:09:  * Dot product texture operation: yes
01:18:09:  * Cube mapping: yes
01:18:09:  * Hardware stencil buffer: yes
01:18:09:    - Stencil depth: 8
01:18:09:    - Two sided stencil support: yes
01:18:09:    - Wrap stencil values: yes
01:18:09:  * Hardware vertex / index buffers: yes
01:18:09:  * Vertex programs: yes
01:18:09:  * Number of floating-point constants for vertex programs: 256
01:18:09:  * Number of integer constants for vertex programs: 16
01:18:09:  * Number of boolean constants for vertex programs: 16
01:18:09:  * Fragment programs: yes
01:18:09:  * Number of floating-point constants for fragment programs: 224
01:18:09:  * Number of integer constants for fragment programs: 16
01:18:09:  * Number of boolean constants for fragment programs: 16
01:18:09:  * Geometry programs: no
01:18:09:  * Number of floating-point constants for geometry programs: 0
01:18:09:  * Number of integer constants for geometry programs: 0
01:18:09:  * Number of boolean constants for geometry programs: 0
01:18:09:  * Tesselation Hull programs: no
01:18:09:  * Number of floating-point constants for tesselation hull programs: 0
01:18:09:  * Number of integer constants for tesselation hull programs: 0
01:18:09:  * Number of boolean constants for tesselation hull programs: 0
01:18:09:  * Tesselation Domain programs: no
01:18:09:  * Number of floating-point constants for tesselation domain programs: 0
01:18:09:  * Number of integer constants for tesselation domain programs: 0
01:18:09:  * Number of boolean constants for tesselation domain programs: 0
01:18:09:  * Compute programs: no
01:18:09:  * Number of floating-point constants for compute programs: 0
01:18:09:  * Number of integer constants for compute programs: 0
01:18:09:  * Number of boolean constants for compute programs: 0
01:18:09:  * Supported Shader Profiles: hlsl ps_1_1 ps_1_2 ps_1_3 ps_1_4 ps_2_0 ps_2_a ps_2_b ps_2_x ps_3_0 vs_1_1 vs_2_0 vs_2_a vs_2_x vs_3_0
01:18:09:  * Texture Compression: yes
01:18:09:    - DXT: yes
01:18:09:    - VTC: no
01:18:09:    - PVRTC: no
01:18:09:    - ATC: no
01:18:09:    - ETC1: no
01:18:09:    - ETC2: no
01:18:09:    - BC4/BC5: no
01:18:09:    - BC6H/BC7: no
01:18:09:  * Scissor Rectangle: yes
01:18:09:  * Hardware Occlusion Query: yes
01:18:09:  * User clip planes: yes
01:18:09:  * VET_UBYTE4 vertex element type: yes
01:18:09:  * Infinite far plane projection: yes
01:18:09:  * Hardware render-to-texture: yes
01:18:09:  * Floating point textures: yes
01:18:09:  * Non-power-of-two textures: yes
01:18:09:  * 1d textures: yes
01:18:09:  * Volume textures: yes
01:18:09:  * Multiple Render Targets: 4
01:18:09:    - With different bit depths: yes
01:18:09:  * Point Sprites: yes
01:18:09:  * Extended point parameters: yes
01:18:09:  * Max Point Size: 64
01:18:09:  * Vertex texture fetch: yes
01:18:09:  * Number of world matrices: 0
01:18:09:  * Number of texture units: 8
01:18:09:  * Stencil buffer depth: 8
01:18:09:  * Number of vertex blend matrices: 0
01:18:09:    - Max vertex textures: 4
01:18:09:    - Vertex textures shared: no
01:18:09:  * Render to Vertex Buffer : no
01:18:09:  * Hardware Atomic Counters: no
01:18:09:  * DirectX per stage constants: no
01:18:09: ***************************************
01:18:09: *** D3D9 : Subsystem Initialised OK ***
01:18:09: ***************************************
01:18:09: DefaultWorkQueue('Root') initialising on thread 1f00.
01:18:09: Particle Renderer Type 'billboard' registered
01:18:09: DefaultWorkQueue('Root')::WorkerFunc - thread 1b98 starting.
01:18:09: SceneManagerFactory for type 'PCZSceneManager' registered.
01:18:09: MovableObjectFactory for type 'PCZLight' registered.
01:18:09: MovableObjectFactory for type 'Portal' registered.
01:18:09: MovableObjectFactory for type 'AntiPortal' registered.
01:18:09: PCZone Factory Type 'ZoneType_Octree' registered
01:18:09: SceneManagerFactory for type 'OctreeSceneManager' registered.
01:18:09: OverlayElementFactory for type Panel registered.
01:18:09: OverlayElementFactory for type BorderPanel registered.
01:18:09: OverlayElementFactory for type TextArea registered.
01:18:09: Registering ResourceManager for type Font
01:18:09: Parsing scripts for resource group 
01:18:09: Parsing script Ground.material
01:18:09: Parsing script Material.material
01:18:09: Parsing script smoke.material
01:18:09: Parsing script WallMaterial.material
01:18:09: Parsing script smoke.particle
01:18:09: Finished parsing scripts for resource group 
01:18:09: Creating resources for group 
01:18:09: All done
01:18:09: Parsing scripts for resource group Autodetect
01:18:09: Finished parsing scripts for resource group Autodetect
01:18:09: Creating resources for group Autodetect
01:18:09: All done
01:18:09: Parsing scripts for resource group General
01:18:09: Finished parsing scripts for resource group General
01:18:09: Creating resources for group General
01:18:09: All done
01:18:09: Parsing scripts for resource group Internal
01:18:09: Finished parsing scripts for resource group Internal
01:18:09: Creating resources for group Internal
01:18:09: All done
01:18:09: Mesh: Loading Sphere.mesh.
01:18:09: WARNING: Sphere.mesh is an older format ([MeshSerializer_v1.41]); you should upgrade it as soon as possible using the OgreMeshUpgrade tool.
01:18:09: Can't assign material _missing_material_ to SubEntity of Ogre/MO1 because this Material does not exist. Have you forgotten to define it in a .material script?
01:18:09: Texture: rockwall.tga: Loading 1 faces(PF_R8G8B8,256x256x1) Internal format is PF_X8R8G8B8,256x256x1.
01:18:44: DefaultWorkQueue('Root') shutting down on thread 1f00.
01:18:44: DefaultWorkQueue('Root')::WorkerFunc - thread 1b98 stopped.
01:18:44: PCZone Factory Type 'ZoneType_Octree' unregistered
01:18:44: *-*-* OGRE Shutdown
01:18:44: Unregistering ResourceManager for type Compositor
01:18:44: Unregistering ResourceManager for type Skeleton
01:18:44: Unregistering ResourceManager for type Mesh
01:18:45: Unregistering ResourceManager for type HighLevelGpuProgram
01:18:45: Uninstalling plugin: ParticleFX
01:18:45: Plugin successfully uninstalled
01:18:45: Unloading library .\Plugin_ParticleFX
01:18:45: Uninstalling plugin: Octree Scene Manager
01:18:45: Plugin successfully uninstalled
01:18:45: Unloading library .\Plugin_OctreeSceneManager
01:18:45: Uninstalling plugin: Octree Zone Factory
01:18:45: Plugin successfully uninstalled
01:18:45: Unloading library .\Plugin_OctreeZone
01:18:45: Uninstalling plugin: Portal Connected Zone Scene Manager
01:18:45: Plugin successfully uninstalled
01:18:45: Unloading library .\Plugin_PCZSceneManager
01:18:45: Uninstalling plugin: GL RenderSystem
01:18:45: *** Stopping Win32GL Subsystem ***
01:18:45: Plugin successfully uninstalled
01:18:45: Unloading library .\RenderSystem_GL
01:18:45: Uninstalling plugin: D3D9 RenderSystem
01:18:45: D3D9 : Shutting down cleanly.
01:18:45: Unregistering ResourceManager for type Texture
01:18:45: Unregistering ResourceManager for type GpuProgram
01:18:45: D3D9 : Direct3D9 Rendering Subsystem destroyed.
01:18:45: Plugin successfully uninstalled
01:18:45: Unloading library .\RenderSystem_Direct3D9
01:18:45: Unregistering ResourceManager for type Material
